<?xml version="1.0" encoding="UTF-8"?>
<!-- Generated by org.testng.reporters.JUnitReportReporter -->
<testsuite skipped="0" hostname="ESS17001DXB0504" name="com.crm.qa.testcases.LoginPageTest" tests="1" failures="0" timestamp="20 May 2018 07:17:51 GMT" time="19.759" errors="0">
  <testcase name="loginTest" time="19.759" classname="com.crm.qa.testcases.LoginPageTest"/>
</testsuite> <!-- com.crm.qa.testcases.LoginPageTest -->
