<?xml version="1.0" encoding="UTF-8"?>
<!-- Generated by org.testng.reporters.JUnitReportReporter -->
<testsuite skipped="0" hostname="ESS17001DXB0504" name="com.crm.qa.testcases.HomePageTest" tests="1" failures="0" timestamp="20 May 2018 09:59:48 GMT" time="17.090" errors="0">
  <testcase name="verifyHomePageTitleTest" time="17.090" classname="com.crm.qa.testcases.HomePageTest"/>
</testsuite> <!-- com.crm.qa.testcases.HomePageTest -->
