<?xml version="1.0" encoding="UTF-8"?>
<!-- Generated by org.testng.reporters.JUnitReportReporter -->
<testsuite skipped="0" hostname="ESS17001DXB0504" name="com.crm.qa.testcases.LoginPageTest" tests="3" failures="0" timestamp="20 May 2018 09:59:48 GMT" time="36.630" errors="0">
  <testcase name="loginPageTitleTest" time="9.957" classname="com.crm.qa.testcases.LoginPageTest"/>
  <testcase name="crmLogoImageTest" time="10.257" classname="com.crm.qa.testcases.LoginPageTest"/>
  <testcase name="loginTest" time="16.416" classname="com.crm.qa.testcases.LoginPageTest"/>
</testsuite> <!-- com.crm.qa.testcases.LoginPageTest -->
